16.06.2025 12:33:39: RefreshData called
16.06.2025 12:33:39: Loaded 3 rooms
16.06.2025 12:33:39: Failed to load image for RoomId 1: Данный формат пути не поддерживается.
16.06.2025 12:33:39: RoomCard created for RoomId 1
16.06.2025 12:33:39: Added RoomCard for RoomId 1
16.06.2025 12:33:39: Failed to load image for RoomId 1: Данный формат пути не поддерживается.
16.06.2025 12:33:39: RoomCard created for RoomId 1
16.06.2025 12:33:39: Added RoomCard for RoomId 1
16.06.2025 12:33:39: Failed to load image for RoomId 1: Данный формат пути не поддерживается.
16.06.2025 12:33:39: RoomCard created for RoomId 1
16.06.2025 12:33:39: Added RoomCard for RoomId 1
16.06.2025 12:34:40: RefreshData called
16.06.2025 12:34:40: Loaded 3 rooms
16.06.2025 12:34:40: Failed to load image for RoomId 1: Данный формат пути не поддерживается.
16.06.2025 12:34:40: RoomCard created for RoomId 1
16.06.2025 12:34:40: Added RoomCard for RoomId 1
16.06.2025 12:34:40: Failed to load image for RoomId 1: Данный формат пути не поддерживается.
16.06.2025 12:34:40: RoomCard created for RoomId 1
16.06.2025 12:34:40: Added RoomCard for RoomId 1
16.06.2025 12:34:40: Failed to load image for RoomId 1: Данный формат пути не поддерживается.
16.06.2025 12:34:40: RoomCard created for RoomId 1
16.06.2025 12:34:40: Added RoomCard for RoomId 1
16.06.2025 12:34:41: RefreshData called
16.06.2025 12:34:41: Loaded 3 rooms
16.06.2025 12:34:41: Failed to load image for RoomId 1: Данный формат пути не поддерживается.
16.06.2025 12:34:41: RoomCard created for RoomId 1
16.06.2025 12:34:41: Added RoomCard for RoomId 1
16.06.2025 12:34:41: Failed to load image for RoomId 1: Данный формат пути не поддерживается.
16.06.2025 12:34:41: RoomCard created for RoomId 1
16.06.2025 12:34:41: Added RoomCard for RoomId 1
16.06.2025 12:34:41: Failed to load image for RoomId 1: Данный формат пути не поддерживается.
16.06.2025 12:34:41: RoomCard created for RoomId 1
16.06.2025 12:34:41: Added RoomCard for RoomId 1
16.06.2025 12:34:44: RefreshData called
16.06.2025 12:34:44: Loaded 3 rooms
16.06.2025 12:34:44: Failed to load image for RoomId 1: Данный формат пути не поддерживается.
16.06.2025 12:34:44: RoomCard created for RoomId 1
16.06.2025 12:34:44: Added RoomCard for RoomId 1
16.06.2025 12:34:44: Failed to load image for RoomId 1: Данный формат пути не поддерживается.
16.06.2025 12:34:44: RoomCard created for RoomId 1
16.06.2025 12:34:44: Added RoomCard for RoomId 1
16.06.2025 12:34:44: Failed to load image for RoomId 1: Данный формат пути не поддерживается.
16.06.2025 12:34:44: RoomCard created for RoomId 1
16.06.2025 12:34:44: Added RoomCard for RoomId 1
16.06.2025 12:34:46: RefreshData called
16.06.2025 12:34:47: Loaded 3 rooms
16.06.2025 12:34:47: Failed to load image for RoomId 1: Данный формат пути не поддерживается.
16.06.2025 12:34:47: RoomCard created for RoomId 1
16.06.2025 12:34:47: Added RoomCard for RoomId 1
16.06.2025 12:34:47: Failed to load image for RoomId 1: Данный формат пути не поддерживается.
16.06.2025 12:34:47: RoomCard created for RoomId 1
16.06.2025 12:34:47: Added RoomCard for RoomId 1
16.06.2025 12:34:47: Failed to load image for RoomId 1: Данный формат пути не поддерживается.
16.06.2025 12:34:47: RoomCard created for RoomId 1
16.06.2025 12:34:47: Added RoomCard for RoomId 1
16.06.2025 12:49:59: RefreshData started
16.06.2025 12:49:59: Loaded 1 rooms
16.06.2025 12:49:59: Image file not found for RoomId 1: https://i.imgur.com/7dnRsje.jpeg
16.06.2025 12:49:59: RoomCard created for RoomId 1 with 3 images
16.06.2025 12:49:59: Added RoomCard for RoomId 1
16.06.2025 12:49:59: RefreshData completed
16.06.2025 12:50:02: Image file not found for RoomId 1: https://i.imgur.com/wnVJeSN.jpeg
16.06.2025 12:50:02: Next image selected for RoomId 1, index 1
16.06.2025 12:50:04: Image file not found for RoomId 1: https://i.imgur.com/7dnRsje.jpeg
16.06.2025 12:50:04: Previous image selected for RoomId 1, index 0
16.06.2025 12:50:06: RefreshData started
16.06.2025 12:50:06: Loaded 1 rooms
16.06.2025 12:50:06: Image file not found for RoomId 1: https://i.imgur.com/7dnRsje.jpeg
16.06.2025 12:50:06: RoomCard created for RoomId 1 with 3 images
16.06.2025 12:50:06: Added RoomCard for RoomId 1
16.06.2025 12:50:06: RefreshData completed
16.06.2025 12:50:07: Animation completed for card
16.06.2025 12:50:12: Image file not found for RoomId 1: https://i.imgur.com/wnVJeSN.jpeg
16.06.2025 12:50:12: Next image selected for RoomId 1, index 1
16.06.2025 12:50:12: Image file not found for RoomId 1: https://i.imgur.com/eClgxbb.jpeg
16.06.2025 12:50:12: Next image selected for RoomId 1, index 2
16.06.2025 12:50:12: Image file not found for RoomId 1: https://i.imgur.com/7dnRsje.jpeg
16.06.2025 12:50:12: Next image selected for RoomId 1, index 0
16.06.2025 12:50:12: Image file not found for RoomId 1: https://i.imgur.com/wnVJeSN.jpeg
16.06.2025 12:50:12: Next image selected for RoomId 1, index 1
16.06.2025 12:50:22: RefreshData started
16.06.2025 12:50:22: Loaded 1 rooms
16.06.2025 12:50:22: Image file not found for RoomId 1: https://i.imgur.com/7dnRsje.jpeg
16.06.2025 12:50:22: RoomCard created for RoomId 1 with 3 images
16.06.2025 12:50:22: Added RoomCard for RoomId 1
16.06.2025 12:50:22: RefreshData completed
16.06.2025 12:50:23: Animation completed for card
16.06.2025 12:50:25: Animation completed for card
16.06.2025 12:50:35: RefreshData started
16.06.2025 12:50:35: Loaded 1 rooms
16.06.2025 12:50:35: Image file not found for RoomId 1: https://i.imgur.com/7dnRsje.jpeg
16.06.2025 12:50:35: RoomCard created for RoomId 1 with 3 images
16.06.2025 12:50:35: Added RoomCard for RoomId 1
16.06.2025 12:50:35: RefreshData completed
16.06.2025 12:50:38: RefreshData started
16.06.2025 12:50:38: Loaded 1 rooms
16.06.2025 12:50:38: Image file not found for RoomId 1: https://i.imgur.com/7dnRsje.jpeg
16.06.2025 12:50:38: RoomCard created for RoomId 1 with 3 images
16.06.2025 12:50:38: Added RoomCard for RoomId 1
16.06.2025 12:50:38: RefreshData completed
16.06.2025 12:50:39: Animation completed for card
16.06.2025 12:50:40: Image file not found for RoomId 1: https://i.imgur.com/wnVJeSN.jpeg
16.06.2025 12:50:40: Next image selected for RoomId 1, index 1
16.06.2025 12:50:41: Image file not found for RoomId 1: https://i.imgur.com/eClgxbb.jpeg
16.06.2025 12:50:41: Next image selected for RoomId 1, index 2
16.06.2025 12:50:41: Image file not found for RoomId 1: https://i.imgur.com/7dnRsje.jpeg
16.06.2025 12:50:41: Next image selected for RoomId 1, index 0
16.06.2025 12:50:41: Image file not found for RoomId 1: https://i.imgur.com/wnVJeSN.jpeg
16.06.2025 12:50:41: Next image selected for RoomId 1, index 1
16.06.2025 12:50:41: Image file not found for RoomId 1: https://i.imgur.com/eClgxbb.jpeg
16.06.2025 12:50:41: Next image selected for RoomId 1, index 2
16.06.2025 12:51:02: Image file not found for RoomId 1: https://i.imgur.com/7dnRsje.jpeg
16.06.2025 12:51:02: Next image selected for RoomId 1, index 0
16.06.2025 12:51:03: Image file not found for RoomId 1: https://i.imgur.com/eClgxbb.jpeg
16.06.2025 12:51:03: Previous image selected for RoomId 1, index 2
16.06.2025 12:51:03: Image file not found for RoomId 1: https://i.imgur.com/wnVJeSN.jpeg
16.06.2025 12:51:03: Previous image selected for RoomId 1, index 1
16.06.2025 12:51:03: Image file not found for RoomId 1: https://i.imgur.com/7dnRsje.jpeg
16.06.2025 12:51:03: Previous image selected for RoomId 1, index 0
16.06.2025 12:51:03: Image file not found for RoomId 1: https://i.imgur.com/eClgxbb.jpeg
16.06.2025 12:51:03: Previous image selected for RoomId 1, index 2
16.06.2025 13:02:34: RefreshData started
16.06.2025 13:02:34: Loaded 1 rooms
16.06.2025 13:02:34: RoomCard created for RoomId 1 with 3 images
16.06.2025 13:02:34: Added RoomCard for RoomId 1
16.06.2025 13:02:34: RefreshData completed
16.06.2025 13:02:35: Image loaded for RoomId 1: https://i.imgur.com/7dnRsje.jpeg
16.06.2025 13:02:36: Next image selected for RoomId 1, index 1
16.06.2025 13:02:36: Image loaded for RoomId 1: https://i.imgur.com/wnVJeSN.jpeg
16.06.2025 13:02:36: Next image selected for RoomId 1, index 2
16.06.2025 13:02:36: Image loaded for RoomId 1: https://i.imgur.com/eClgxbb.jpeg
16.06.2025 13:02:37: Next image selected for RoomId 1, index 0
16.06.2025 13:02:37: Image loaded for RoomId 1: https://i.imgur.com/7dnRsje.jpeg
16.06.2025 13:02:37: Next image selected for RoomId 1, index 1
16.06.2025 13:02:37: Image loaded for RoomId 1: https://i.imgur.com/wnVJeSN.jpeg
16.06.2025 13:02:37: Next image selected for RoomId 1, index 2
16.06.2025 13:02:37: Image loaded for RoomId 1: https://i.imgur.com/eClgxbb.jpeg
16.06.2025 13:02:37: Next image selected for RoomId 1, index 0
16.06.2025 13:02:37: Image loaded for RoomId 1: https://i.imgur.com/7dnRsje.jpeg
16.06.2025 13:02:37: Next image selected for RoomId 1, index 1
16.06.2025 13:02:37: Image loaded for RoomId 1: https://i.imgur.com/wnVJeSN.jpeg
16.06.2025 13:02:37: Next image selected for RoomId 1, index 2
16.06.2025 13:02:37: Image loaded for RoomId 1: https://i.imgur.com/eClgxbb.jpeg
16.06.2025 13:02:37: Next image selected for RoomId 1, index 0
16.06.2025 13:02:37: Image loaded for RoomId 1: https://i.imgur.com/7dnRsje.jpeg
16.06.2025 13:02:38: Next image selected for RoomId 1, index 1
16.06.2025 13:02:38: Image loaded for RoomId 1: https://i.imgur.com/wnVJeSN.jpeg
16.06.2025 13:02:40: Next image selected for RoomId 1, index 2
16.06.2025 13:02:40: Image loaded for RoomId 1: https://i.imgur.com/eClgxbb.jpeg
16.06.2025 13:02:40: Next image selected for RoomId 1, index 0
16.06.2025 13:02:40: Image loaded for RoomId 1: https://i.imgur.com/7dnRsje.jpeg
16.06.2025 13:02:40: Next image selected for RoomId 1, index 1
16.06.2025 13:02:40: Image loaded for RoomId 1: https://i.imgur.com/wnVJeSN.jpeg
16.06.2025 13:02:40: Next image selected for RoomId 1, index 2
16.06.2025 13:02:40: Image loaded for RoomId 1: https://i.imgur.com/eClgxbb.jpeg
16.06.2025 13:02:41: Next image selected for RoomId 1, index 0
16.06.2025 13:02:41: Image loaded for RoomId 1: https://i.imgur.com/7dnRsje.jpeg
16.06.2025 13:02:41: Next image selected for RoomId 1, index 1
16.06.2025 13:02:41: Image loaded for RoomId 1: https://i.imgur.com/wnVJeSN.jpeg
16.06.2025 13:02:41: Next image selected for RoomId 1, index 2
16.06.2025 13:02:41: Image loaded for RoomId 1: https://i.imgur.com/eClgxbb.jpeg
16.06.2025 13:02:41: Next image selected for RoomId 1, index 0
16.06.2025 13:02:41: Image loaded for RoomId 1: https://i.imgur.com/7dnRsje.jpeg
16.06.2025 13:02:53: Next image selected for RoomId 1, index 1
16.06.2025 13:02:53: Image loaded for RoomId 1: https://i.imgur.com/wnVJeSN.jpeg
16.06.2025 13:02:53: Next image selected for RoomId 1, index 2
16.06.2025 13:02:53: Image loaded for RoomId 1: https://i.imgur.com/eClgxbb.jpeg
16.06.2025 13:02:54: Next image selected for RoomId 1, index 0
16.06.2025 13:02:54: Image loaded for RoomId 1: https://i.imgur.com/7dnRsje.jpeg
16.06.2025 13:02:56: Next image selected for RoomId 1, index 1
16.06.2025 13:02:56: Image loaded for RoomId 1: https://i.imgur.com/wnVJeSN.jpeg
16.06.2025 13:02:56: Next image selected for RoomId 1, index 2
16.06.2025 13:02:56: Image loaded for RoomId 1: https://i.imgur.com/eClgxbb.jpeg
16.06.2025 13:02:56: Next image selected for RoomId 1, index 0
16.06.2025 13:02:56: Image loaded for RoomId 1: https://i.imgur.com/7dnRsje.jpeg
16.06.2025 13:02:58: Next image selected for RoomId 1, index 1
16.06.2025 13:02:58: Image loaded for RoomId 1: https://i.imgur.com/wnVJeSN.jpeg
16.06.2025 13:02:59: Next image selected for RoomId 1, index 2
16.06.2025 13:02:59: Image loaded for RoomId 1: https://i.imgur.com/eClgxbb.jpeg
16.06.2025 13:02:59: Next image selected for RoomId 1, index 0
16.06.2025 13:02:59: Image loaded for RoomId 1: https://i.imgur.com/7dnRsje.jpeg
16.06.2025 13:02:59: Next image selected for RoomId 1, index 1
16.06.2025 13:02:59: Image loaded for RoomId 1: https://i.imgur.com/wnVJeSN.jpeg
16.06.2025 13:03:00: Next image selected for RoomId 1, index 2
16.06.2025 13:03:00: Image loaded for RoomId 1: https://i.imgur.com/eClgxbb.jpeg
16.06.2025 13:03:00: Next image selected for RoomId 1, index 0
16.06.2025 13:03:00: Image loaded for RoomId 1: https://i.imgur.com/7dnRsje.jpeg
16.06.2025 13:03:02: Next image selected for RoomId 1, index 1
16.06.2025 13:03:02: Image loaded for RoomId 1: https://i.imgur.com/wnVJeSN.jpeg
16.06.2025 13:03:02: Next image selected for RoomId 1, index 2
16.06.2025 13:03:03: Image loaded for RoomId 1: https://i.imgur.com/eClgxbb.jpeg
16.06.2025 13:03:03: Next image selected for RoomId 1, index 0
16.06.2025 13:03:03: Image loaded for RoomId 1: https://i.imgur.com/7dnRsje.jpeg
16.06.2025 13:03:03: Next image selected for RoomId 1, index 1
16.06.2025 13:03:03: Image loaded for RoomId 1: https://i.imgur.com/wnVJeSN.jpeg
16.06.2025 13:03:03: Next image selected for RoomId 1, index 2
16.06.2025 13:03:03: Image loaded for RoomId 1: https://i.imgur.com/eClgxbb.jpeg
16.06.2025 13:03:03: Next image selected for RoomId 1, index 0
16.06.2025 13:03:03: Image loaded for RoomId 1: https://i.imgur.com/7dnRsje.jpeg
16.06.2025 13:03:04: Next image selected for RoomId 1, index 1
16.06.2025 13:03:04: Image loaded for RoomId 1: https://i.imgur.com/wnVJeSN.jpeg
16.06.2025 13:03:04: Next image selected for RoomId 1, index 2
16.06.2025 13:03:04: Image loaded for RoomId 1: https://i.imgur.com/eClgxbb.jpeg
16.06.2025 13:03:04: Next image selected for RoomId 1, index 0
16.06.2025 13:03:04: Image loaded for RoomId 1: https://i.imgur.com/7dnRsje.jpeg
16.06.2025 13:03:04: Next image selected for RoomId 1, index 1
16.06.2025 13:03:04: Image loaded for RoomId 1: https://i.imgur.com/wnVJeSN.jpeg
16.06.2025 13:03:04: Next image selected for RoomId 1, index 2
16.06.2025 13:03:04: Image loaded for RoomId 1: https://i.imgur.com/eClgxbb.jpeg
16.06.2025 13:03:04: Next image selected for RoomId 1, index 0
16.06.2025 13:03:04: Image loaded for RoomId 1: https://i.imgur.com/7dnRsje.jpeg
16.06.2025 13:03:05: Next image selected for RoomId 1, index 1
16.06.2025 13:03:05: Image loaded for RoomId 1: https://i.imgur.com/wnVJeSN.jpeg
16.06.2025 13:03:05: Next image selected for RoomId 1, index 2
16.06.2025 13:03:05: Image loaded for RoomId 1: https://i.imgur.com/eClgxbb.jpeg
16.06.2025 13:03:05: Next image selected for RoomId 1, index 0
16.06.2025 13:03:05: Image loaded for RoomId 1: https://i.imgur.com/7dnRsje.jpeg
16.06.2025 13:03:05: Next image selected for RoomId 1, index 1
16.06.2025 13:03:05: Image loaded for RoomId 1: https://i.imgur.com/wnVJeSN.jpeg
16.06.2025 13:03:05: Next image selected for RoomId 1, index 2
16.06.2025 13:03:05: Image loaded for RoomId 1: https://i.imgur.com/eClgxbb.jpeg
16.06.2025 13:03:05: Next image selected for RoomId 1, index 0
16.06.2025 13:03:05: Image loaded for RoomId 1: https://i.imgur.com/7dnRsje.jpeg
16.06.2025 13:03:05: Next image selected for RoomId 1, index 1
16.06.2025 13:03:06: Image loaded for RoomId 1: https://i.imgur.com/wnVJeSN.jpeg
16.06.2025 13:03:06: Next image selected for RoomId 1, index 2
16.06.2025 13:03:06: Image loaded for RoomId 1: https://i.imgur.com/eClgxbb.jpeg
16.06.2025 13:03:06: Next image selected for RoomId 1, index 0
16.06.2025 13:03:06: Image loaded for RoomId 1: https://i.imgur.com/7dnRsje.jpeg
16.06.2025 13:03:06: Next image selected for RoomId 1, index 1
16.06.2025 13:03:06: Image loaded for RoomId 1: https://i.imgur.com/wnVJeSN.jpeg
16.06.2025 13:03:06: Next image selected for RoomId 1, index 2
16.06.2025 13:03:06: Image loaded for RoomId 1: https://i.imgur.com/eClgxbb.jpeg
16.06.2025 13:03:07: Next image selected for RoomId 1, index 0
16.06.2025 13:03:07: Image loaded for RoomId 1: https://i.imgur.com/7dnRsje.jpeg
16.06.2025 13:03:07: Next image selected for RoomId 1, index 1
16.06.2025 13:03:07: Image loaded for RoomId 1: https://i.imgur.com/wnVJeSN.jpeg
16.06.2025 13:03:07: Next image selected for RoomId 1, index 2
16.06.2025 13:03:07: Image loaded for RoomId 1: https://i.imgur.com/eClgxbb.jpeg
16.06.2025 13:03:07: Next image selected for RoomId 1, index 0
16.06.2025 13:03:07: Image loaded for RoomId 1: https://i.imgur.com/7dnRsje.jpeg
16.06.2025 13:03:07: Next image selected for RoomId 1, index 1
16.06.2025 13:03:07: Image loaded for RoomId 1: https://i.imgur.com/wnVJeSN.jpeg
16.06.2025 13:03:07: Next image selected for RoomId 1, index 2
16.06.2025 13:03:07: Image loaded for RoomId 1: https://i.imgur.com/eClgxbb.jpeg
16.06.2025 13:03:08: Next image selected for RoomId 1, index 0
16.06.2025 13:03:08: Image loaded for RoomId 1: https://i.imgur.com/7dnRsje.jpeg
16.06.2025 13:03:08: Next image selected for RoomId 1, index 1
16.06.2025 13:03:08: Image loaded for RoomId 1: https://i.imgur.com/wnVJeSN.jpeg
16.06.2025 13:03:08: Next image selected for RoomId 1, index 2
16.06.2025 13:03:08: Image loaded for RoomId 1: https://i.imgur.com/eClgxbb.jpeg
16.06.2025 13:03:09: Next image selected for RoomId 1, index 0
16.06.2025 13:03:09: Image loaded for RoomId 1: https://i.imgur.com/7dnRsje.jpeg
16.06.2025 13:03:09: Next image selected for RoomId 1, index 1
16.06.2025 13:03:09: Image loaded for RoomId 1: https://i.imgur.com/wnVJeSN.jpeg
16.06.2025 13:03:09: Next image selected for RoomId 1, index 2
16.06.2025 13:03:09: Image loaded for RoomId 1: https://i.imgur.com/eClgxbb.jpeg
16.06.2025 13:03:10: Next image selected for RoomId 1, index 0
16.06.2025 13:03:10: Image loaded for RoomId 1: https://i.imgur.com/7dnRsje.jpeg
16.06.2025 13:03:10: Next image selected for RoomId 1, index 1
16.06.2025 13:03:10: Image loaded for RoomId 1: https://i.imgur.com/wnVJeSN.jpeg
16.06.2025 13:03:10: Next image selected for RoomId 1, index 2
16.06.2025 13:03:10: Image loaded for RoomId 1: https://i.imgur.com/eClgxbb.jpeg
16.06.2025 13:03:10: Next image selected for RoomId 1, index 0
16.06.2025 13:03:10: Image loaded for RoomId 1: https://i.imgur.com/7dnRsje.jpeg
16.06.2025 13:03:10: Next image selected for RoomId 1, index 1
16.06.2025 13:03:10: Image loaded for RoomId 1: https://i.imgur.com/wnVJeSN.jpeg
16.06.2025 13:03:11: Next image selected for RoomId 1, index 2
16.06.2025 13:03:11: Image loaded for RoomId 1: https://i.imgur.com/eClgxbb.jpeg
16.06.2025 13:03:11: Next image selected for RoomId 1, index 0
16.06.2025 13:03:11: Image loaded for RoomId 1: https://i.imgur.com/7dnRsje.jpeg
16.06.2025 13:03:11: Next image selected for RoomId 1, index 1
16.06.2025 13:03:11: Image loaded for RoomId 1: https://i.imgur.com/wnVJeSN.jpeg
16.06.2025 13:03:11: Next image selected for RoomId 1, index 2
16.06.2025 13:03:11: Image loaded for RoomId 1: https://i.imgur.com/eClgxbb.jpeg
16.06.2025 13:03:11: Next image selected for RoomId 1, index 0
16.06.2025 13:03:11: Image loaded for RoomId 1: https://i.imgur.com/7dnRsje.jpeg
16.06.2025 13:03:11: Next image selected for RoomId 1, index 1
16.06.2025 13:03:11: Image loaded for RoomId 1: https://i.imgur.com/wnVJeSN.jpeg
16.06.2025 13:03:12: Next image selected for RoomId 1, index 2
16.06.2025 13:03:12: Image loaded for RoomId 1: https://i.imgur.com/eClgxbb.jpeg
16.06.2025 13:03:12: Next image selected for RoomId 1, index 0
16.06.2025 13:03:12: Image loaded for RoomId 1: https://i.imgur.com/7dnRsje.jpeg
16.06.2025 13:03:12: Next image selected for RoomId 1, index 1
16.06.2025 13:03:12: Image loaded for RoomId 1: https://i.imgur.com/wnVJeSN.jpeg
16.06.2025 13:03:12: Next image selected for RoomId 1, index 2
16.06.2025 13:03:12: Image loaded for RoomId 1: https://i.imgur.com/eClgxbb.jpeg
16.06.2025 13:03:12: Next image selected for RoomId 1, index 0
16.06.2025 13:03:12: Image loaded for RoomId 1: https://i.imgur.com/7dnRsje.jpeg
16.06.2025 13:03:12: Next image selected for RoomId 1, index 1
16.06.2025 13:03:12: Image loaded for RoomId 1: https://i.imgur.com/wnVJeSN.jpeg
16.06.2025 13:03:13: Next image selected for RoomId 1, index 2
16.06.2025 13:03:13: Image loaded for RoomId 1: https://i.imgur.com/eClgxbb.jpeg
16.06.2025 13:03:13: Next image selected for RoomId 1, index 0
16.06.2025 13:03:13: Image loaded for RoomId 1: https://i.imgur.com/7dnRsje.jpeg
16.06.2025 13:03:13: Next image selected for RoomId 1, index 1
16.06.2025 13:03:13: Image loaded for RoomId 1: https://i.imgur.com/wnVJeSN.jpeg
16.06.2025 13:03:13: Next image selected for RoomId 1, index 2
16.06.2025 13:03:13: Image loaded for RoomId 1: https://i.imgur.com/eClgxbb.jpeg
16.06.2025 13:03:13: Next image selected for RoomId 1, index 0
16.06.2025 13:03:13: Image loaded for RoomId 1: https://i.imgur.com/7dnRsje.jpeg
16.06.2025 13:03:13: Next image selected for RoomId 1, index 1
16.06.2025 13:03:14: Image loaded for RoomId 1: https://i.imgur.com/wnVJeSN.jpeg
16.06.2025 13:03:14: Next image selected for RoomId 1, index 2
16.06.2025 13:03:14: Image loaded for RoomId 1: https://i.imgur.com/eClgxbb.jpeg
16.06.2025 13:03:14: Previous image selected for RoomId 1, index 1
16.06.2025 13:03:14: Image loaded for RoomId 1: https://i.imgur.com/wnVJeSN.jpeg
16.06.2025 13:03:15: Previous image selected for RoomId 1, index 0
16.06.2025 13:03:15: Image loaded for RoomId 1: https://i.imgur.com/7dnRsje.jpeg
16.06.2025 13:03:15: Previous image selected for RoomId 1, index 2
16.06.2025 13:03:15: Image loaded for RoomId 1: https://i.imgur.com/eClgxbb.jpeg
16.06.2025 13:03:15: Previous image selected for RoomId 1, index 1
16.06.2025 13:03:15: Image loaded for RoomId 1: https://i.imgur.com/wnVJeSN.jpeg
16.06.2025 13:03:15: Previous image selected for RoomId 1, index 0
16.06.2025 13:03:15: Image loaded for RoomId 1: https://i.imgur.com/7dnRsje.jpeg
16.06.2025 13:03:15: Previous image selected for RoomId 1, index 2
16.06.2025 13:03:15: Image loaded for RoomId 1: https://i.imgur.com/eClgxbb.jpeg
16.06.2025 13:03:15: Previous image selected for RoomId 1, index 1
16.06.2025 13:03:15: Image loaded for RoomId 1: https://i.imgur.com/wnVJeSN.jpeg
16.06.2025 13:03:16: Previous image selected for RoomId 1, index 0
16.06.2025 13:03:16: Image loaded for RoomId 1: https://i.imgur.com/7dnRsje.jpeg
16.06.2025 13:03:16: Previous image selected for RoomId 1, index 2
16.06.2025 13:03:16: Image loaded for RoomId 1: https://i.imgur.com/eClgxbb.jpeg
16.06.2025 13:03:16: Previous image selected for RoomId 1, index 1
16.06.2025 13:03:16: Image loaded for RoomId 1: https://i.imgur.com/wnVJeSN.jpeg
16.06.2025 13:03:16: Previous image selected for RoomId 1, index 0
16.06.2025 13:03:16: Image loaded for RoomId 1: https://i.imgur.com/7dnRsje.jpeg
16.06.2025 13:03:17: Previous image selected for RoomId 1, index 2
16.06.2025 13:03:17: Image loaded for RoomId 1: https://i.imgur.com/eClgxbb.jpeg
16.06.2025 13:03:17: Previous image selected for RoomId 1, index 1
16.06.2025 13:03:17: Image loaded for RoomId 1: https://i.imgur.com/wnVJeSN.jpeg
16.06.2025 13:03:17: Previous image selected for RoomId 1, index 0
16.06.2025 13:03:17: Image loaded for RoomId 1: https://i.imgur.com/7dnRsje.jpeg
16.06.2025 13:03:17: Previous image selected for RoomId 1, index 2
16.06.2025 13:03:17: Image loaded for RoomId 1: https://i.imgur.com/eClgxbb.jpeg
16.06.2025 13:03:17: Previous image selected for RoomId 1, index 1
16.06.2025 13:03:17: Image loaded for RoomId 1: https://i.imgur.com/wnVJeSN.jpeg
16.06.2025 13:03:17: Previous image selected for RoomId 1, index 0
16.06.2025 13:03:17: Image loaded for RoomId 1: https://i.imgur.com/7dnRsje.jpeg
16.06.2025 13:03:18: Previous image selected for RoomId 1, index 2
16.06.2025 13:03:18: Image loaded for RoomId 1: https://i.imgur.com/eClgxbb.jpeg
16.06.2025 13:03:18: Previous image selected for RoomId 1, index 1
16.06.2025 13:03:18: Image loaded for RoomId 1: https://i.imgur.com/wnVJeSN.jpeg
16.06.2025 13:03:18: Previous image selected for RoomId 1, index 0
16.06.2025 13:03:18: Image loaded for RoomId 1: https://i.imgur.com/7dnRsje.jpeg
16.06.2025 13:03:18: Previous image selected for RoomId 1, index 2
16.06.2025 13:03:18: Image loaded for RoomId 1: https://i.imgur.com/eClgxbb.jpeg
16.06.2025 13:03:18: Previous image selected for RoomId 1, index 1
16.06.2025 13:03:18: Image loaded for RoomId 1: https://i.imgur.com/wnVJeSN.jpeg
16.06.2025 13:03:18: Previous image selected for RoomId 1, index 0
16.06.2025 13:03:19: Image loaded for RoomId 1: https://i.imgur.com/7dnRsje.jpeg
16.06.2025 13:03:19: Previous image selected for RoomId 1, index 2
16.06.2025 13:03:19: Image loaded for RoomId 1: https://i.imgur.com/eClgxbb.jpeg
16.06.2025 13:03:19: Previous image selected for RoomId 1, index 1
16.06.2025 13:03:19: Image loaded for RoomId 1: https://i.imgur.com/wnVJeSN.jpeg
16.06.2025 13:03:19: Previous image selected for RoomId 1, index 0
16.06.2025 13:03:19: Image loaded for RoomId 1: https://i.imgur.com/7dnRsje.jpeg
16.06.2025 13:03:19: Previous image selected for RoomId 1, index 2
16.06.2025 13:03:19: Image loaded for RoomId 1: https://i.imgur.com/eClgxbb.jpeg
16.06.2025 13:03:19: Previous image selected for RoomId 1, index 1
16.06.2025 13:03:19: Image loaded for RoomId 1: https://i.imgur.com/wnVJeSN.jpeg
16.06.2025 13:03:19: Previous image selected for RoomId 1, index 0
16.06.2025 13:03:20: Image loaded for RoomId 1: https://i.imgur.com/7dnRsje.jpeg
16.06.2025 13:03:20: Previous image selected for RoomId 1, index 2
16.06.2025 13:03:20: Image loaded for RoomId 1: https://i.imgur.com/eClgxbb.jpeg
16.06.2025 13:03:20: Previous image selected for RoomId 1, index 1
16.06.2025 13:03:20: Image loaded for RoomId 1: https://i.imgur.com/wnVJeSN.jpeg
16.06.2025 13:03:20: Previous image selected for RoomId 1, index 0
16.06.2025 13:03:20: Image loaded for RoomId 1: https://i.imgur.com/7dnRsje.jpeg
16.06.2025 13:03:20: Previous image selected for RoomId 1, index 2
16.06.2025 13:03:20: Image loaded for RoomId 1: https://i.imgur.com/eClgxbb.jpeg
16.06.2025 13:03:20: Previous image selected for RoomId 1, index 1
16.06.2025 13:03:20: Image loaded for RoomId 1: https://i.imgur.com/wnVJeSN.jpeg
16.06.2025 13:03:20: Previous image selected for RoomId 1, index 0
16.06.2025 13:03:21: Image loaded for RoomId 1: https://i.imgur.com/7dnRsje.jpeg
16.06.2025 13:03:21: Previous image selected for RoomId 1, index 2
16.06.2025 13:03:21: Image loaded for RoomId 1: https://i.imgur.com/eClgxbb.jpeg
16.06.2025 13:03:21: Previous image selected for RoomId 1, index 1
16.06.2025 13:03:21: Image loaded for RoomId 1: https://i.imgur.com/wnVJeSN.jpeg
16.06.2025 13:03:21: Previous image selected for RoomId 1, index 0
16.06.2025 13:03:21: Image loaded for RoomId 1: https://i.imgur.com/7dnRsje.jpeg
16.06.2025 13:03:21: Previous image selected for RoomId 1, index 2
16.06.2025 13:03:21: Image loaded for RoomId 1: https://i.imgur.com/eClgxbb.jpeg
16.06.2025 13:03:21: Previous image selected for RoomId 1, index 1
16.06.2025 13:03:21: Image loaded for RoomId 1: https://i.imgur.com/wnVJeSN.jpeg
16.06.2025 13:03:21: Previous image selected for RoomId 1, index 0
16.06.2025 13:03:21: Image loaded for RoomId 1: https://i.imgur.com/7dnRsje.jpeg
16.06.2025 13:03:22: Previous image selected for RoomId 1, index 2
16.06.2025 13:03:22: Image loaded for RoomId 1: https://i.imgur.com/eClgxbb.jpeg
16.06.2025 13:03:22: Previous image selected for RoomId 1, index 1
16.06.2025 13:03:22: Image loaded for RoomId 1: https://i.imgur.com/wnVJeSN.jpeg
16.06.2025 13:03:22: Previous image selected for RoomId 1, index 0
16.06.2025 13:03:22: Image loaded for RoomId 1: https://i.imgur.com/7dnRsje.jpeg
16.06.2025 13:03:22: Previous image selected for RoomId 1, index 2
16.06.2025 13:03:22: Image loaded for RoomId 1: https://i.imgur.com/eClgxbb.jpeg
16.06.2025 13:03:23: Previous image selected for RoomId 1, index 1
16.06.2025 13:03:23: Image loaded for RoomId 1: https://i.imgur.com/wnVJeSN.jpeg
16.06.2025 13:03:23: Previous image selected for RoomId 1, index 0
16.06.2025 13:03:23: Image loaded for RoomId 1: https://i.imgur.com/7dnRsje.jpeg
16.06.2025 13:03:23: Previous image selected for RoomId 1, index 2
16.06.2025 13:03:23: Image loaded for RoomId 1: https://i.imgur.com/eClgxbb.jpeg
16.06.2025 13:03:23: Previous image selected for RoomId 1, index 1
16.06.2025 13:03:23: Image loaded for RoomId 1: https://i.imgur.com/wnVJeSN.jpeg
16.06.2025 13:03:23: Previous image selected for RoomId 1, index 0
16.06.2025 13:03:23: Image loaded for RoomId 1: https://i.imgur.com/7dnRsje.jpeg
16.06.2025 13:03:23: Previous image selected for RoomId 1, index 2
16.06.2025 13:03:23: Image loaded for RoomId 1: https://i.imgur.com/eClgxbb.jpeg
16.06.2025 13:05:28: RefreshData started
16.06.2025 13:05:28: Loaded 1 rooms
16.06.2025 13:05:28: RoomCard created for RoomId 1 with 3 images
16.06.2025 13:05:28: Added RoomCard for RoomId 1
16.06.2025 13:05:28: RefreshData completed
16.06.2025 13:05:29: Image loaded for RoomId 1: https://i.imgur.com/7dnRsje.jpeg
16.06.2025 13:06:51: RefreshData started
16.06.2025 13:06:51: Loaded 1 rooms
16.06.2025 13:06:51: RoomCard created for RoomId 1 with 3 images
16.06.2025 13:06:51: Added RoomCard for RoomId 1
16.06.2025 13:06:51: RefreshData completed
16.06.2025 13:06:52: Image loaded for RoomId 1: https://i.imgur.com/7dnRsje.jpeg
16.06.2025 13:06:53: Next image selected for RoomId 1, index 1
16.06.2025 13:06:53: Image loaded for RoomId 1: https://i.imgur.com/wnVJeSN.jpeg
16.06.2025 13:06:53: Next image selected for RoomId 1, index 2
16.06.2025 13:06:53: Image loaded for RoomId 1: https://i.imgur.com/eClgxbb.jpeg
16.06.2025 13:06:53: Next image selected for RoomId 1, index 0
16.06.2025 13:06:53: Image loaded for RoomId 1: https://i.imgur.com/7dnRsje.jpeg
16.06.2025 13:06:53: Next image selected for RoomId 1, index 1
16.06.2025 13:06:53: Image loaded for RoomId 1: https://i.imgur.com/wnVJeSN.jpeg
16.06.2025 13:06:59: Next image selected for RoomId 1, index 2
16.06.2025 13:06:59: Image loaded for RoomId 1: https://i.imgur.com/eClgxbb.jpeg
16.06.2025 13:06:59: Next image selected for RoomId 1, index 0
16.06.2025 13:07:00: Image loaded for RoomId 1: https://i.imgur.com/7dnRsje.jpeg
16.06.2025 13:07:00: Next image selected for RoomId 1, index 1
16.06.2025 13:07:00: Image loaded for RoomId 1: https://i.imgur.com/wnVJeSN.jpeg
16.06.2025 13:07:45: RefreshData started
16.06.2025 13:07:45: Loaded 1 rooms
16.06.2025 13:07:45: RoomCard created for RoomId 1 with 3 images
16.06.2025 13:07:45: Added RoomCard for RoomId 1
16.06.2025 13:07:45: RefreshData completed
16.06.2025 13:07:46: Image loaded for RoomId 1: https://i.imgur.com/7dnRsje.jpeg
16.06.2025 13:10:56: RefreshData started
16.06.2025 13:10:56: Loaded 1 rooms
16.06.2025 13:10:56: RoomCard created for RoomId 1 with 3 images
16.06.2025 13:10:56: Added RoomCard for RoomId 1
16.06.2025 13:10:56: RefreshData completed
16.06.2025 13:10:57: Image loaded for RoomId 1: https://i.imgur.com/7dnRsje.jpeg
16.06.2025 13:10:58: Next image selected for RoomId 1, index 1
16.06.2025 13:10:58: Image loaded for RoomId 1: https://i.imgur.com/wnVJeSN.jpeg
16.06.2025 13:10:59: Next image selected for RoomId 1, index 2
16.06.2025 13:10:59: Image loaded for RoomId 1: https://i.imgur.com/eClgxbb.jpeg
16.06.2025 13:12:35: RefreshData started
16.06.2025 13:12:35: Loaded 1 rooms
16.06.2025 13:12:35: RoomCard created for RoomId 1 with 3 images
16.06.2025 13:12:35: Added RoomCard for RoomId 1
16.06.2025 13:12:35: RefreshData completed
16.06.2025 13:12:35: Image loaded for RoomId 1: https://i.imgur.com/7dnRsje.jpeg
16.06.2025 13:12:36: Next image selected for RoomId 1, index 1
16.06.2025 13:12:36: Image loaded for RoomId 1: https://i.imgur.com/wnVJeSN.jpeg
16.06.2025 13:12:36: Next image selected for RoomId 1, index 2
16.06.2025 13:12:36: Image loaded for RoomId 1: https://i.imgur.com/eClgxbb.jpeg
16.06.2025 13:12:36: Next image selected for RoomId 1, index 0
16.06.2025 13:12:36: Image loaded for RoomId 1: https://i.imgur.com/7dnRsje.jpeg
16.06.2025 13:12:37: Next image selected for RoomId 1, index 1
16.06.2025 13:12:37: Image loaded for RoomId 1: https://i.imgur.com/wnVJeSN.jpeg
16.06.2025 13:14:09: RefreshData started
16.06.2025 13:14:09: Loaded 1 rooms
16.06.2025 13:14:09: RoomCard created for RoomId 1 with 3 images
16.06.2025 13:14:09: Added RoomCard for RoomId 1
16.06.2025 13:14:09: RefreshData completed
16.06.2025 13:14:09: Image loaded for RoomId 1: https://i.imgur.com/7dnRsje.jpeg
16.06.2025 13:15:26: RefreshData started
16.06.2025 13:15:26: Loaded 1 rooms
16.06.2025 13:15:26: RoomCard created for RoomId 1 with 3 images
16.06.2025 13:15:26: Added RoomCard for RoomId 1
16.06.2025 13:15:26: RefreshData completed
16.06.2025 13:15:26: Image loaded for RoomId 1: https://i.imgur.com/7dnRsje.jpeg
16.06.2025 13:15:27: Next image selected for RoomId 1, index 1
16.06.2025 13:15:27: Image loaded for RoomId 1: https://i.imgur.com/wnVJeSN.jpeg
16.06.2025 13:16:54: RefreshData started
16.06.2025 13:16:54: Loaded 1 rooms
16.06.2025 13:16:54: RoomCard created for RoomId 1 with 3 images
16.06.2025 13:16:54: Added RoomCard for RoomId 1
16.06.2025 13:16:54: RefreshData completed
16.06.2025 13:16:55: Image loaded for RoomId 1: https://i.imgur.com/7dnRsje.jpeg
16.06.2025 13:16:56: Next image selected for RoomId 1, index 1
16.06.2025 13:16:56: Image loaded for RoomId 1: https://i.imgur.com/wnVJeSN.jpeg
16.06.2025 13:20:54: RefreshData started
16.06.2025 13:20:54: Loaded 1 rooms
16.06.2025 13:20:54: RoomCard created for RoomId 1 with 3 images
16.06.2025 13:20:54: Added RoomCard for RoomId 1
16.06.2025 13:20:54: RefreshData completed
16.06.2025 13:20:54: Image loaded for RoomId 1: https://i.imgur.com/7dnRsje.jpeg
16.06.2025 13:20:57: Next image selected for RoomId 1, index 1
16.06.2025 13:20:57: Image loaded for RoomId 1: https://i.imgur.com/wnVJeSN.jpeg
16.06.2025 13:20:57: Next image selected for RoomId 1, index 2
16.06.2025 13:20:57: Image loaded for RoomId 1: https://i.imgur.com/eClgxbb.jpeg
16.06.2025 13:20:58: Next image selected for RoomId 1, index 0
16.06.2025 13:20:58: Image loaded for RoomId 1: https://i.imgur.com/7dnRsje.jpeg
16.06.2025 13:21:50: RefreshData started
16.06.2025 13:21:50: Loaded 1 rooms
16.06.2025 13:21:50: RoomCard created for RoomId 1 with 3 images
16.06.2025 13:21:50: Added RoomCard for RoomId 1
16.06.2025 13:21:50: RefreshData completed
16.06.2025 13:21:50: Image loaded for RoomId 1: https://i.imgur.com/7dnRsje.jpeg
16.06.2025 13:21:52: Next image selected for RoomId 1, index 1
16.06.2025 13:21:53: Image loaded for RoomId 1: https://i.imgur.com/wnVJeSN.jpeg
16.06.2025 13:21:53: Next image selected for RoomId 1, index 2
16.06.2025 13:21:53: Image loaded for RoomId 1: https://i.imgur.com/eClgxbb.jpeg
16.06.2025 13:21:53: Next image selected for RoomId 1, index 0
16.06.2025 13:21:53: Image loaded for RoomId 1: https://i.imgur.com/7dnRsje.jpeg
16.06.2025 13:21:57: Next image selected for RoomId 1, index 1
16.06.2025 13:21:57: Image loaded for RoomId 1: https://i.imgur.com/wnVJeSN.jpeg
16.06.2025 13:21:57: Next image selected for RoomId 1, index 2
16.06.2025 13:21:57: Image loaded for RoomId 1: https://i.imgur.com/eClgxbb.jpeg
16.06.2025 13:21:57: Next image selected for RoomId 1, index 0
16.06.2025 13:21:58: Image loaded for RoomId 1: https://i.imgur.com/7dnRsje.jpeg
16.06.2025 13:21:58: Next image selected for RoomId 1, index 1
16.06.2025 13:21:58: Image loaded for RoomId 1: https://i.imgur.com/wnVJeSN.jpeg
16.06.2025 13:21:58: Next image selected for RoomId 1, index 2
16.06.2025 13:21:58: Image loaded for RoomId 1: https://i.imgur.com/eClgxbb.jpeg
16.06.2025 13:21:58: Next image selected for RoomId 1, index 0
16.06.2025 13:21:58: Image loaded for RoomId 1: https://i.imgur.com/7dnRsje.jpeg
16.06.2025 13:21:58: Next image selected for RoomId 1, index 1
16.06.2025 13:21:58: Image loaded for RoomId 1: https://i.imgur.com/wnVJeSN.jpeg
16.06.2025 13:21:58: Next image selected for RoomId 1, index 2
16.06.2025 13:21:58: Image loaded for RoomId 1: https://i.imgur.com/eClgxbb.jpeg
